Started GET "/" for 127.0.0.1 at 2017-02-13 15:43:09 -0600
Processing by Rails::WelcomeController#index as HTML
  Parameters: {"internal"=>true}
  Rendering C:/RailsInstaller/Ruby2.3.0/lib/ruby/gems/2.3.0/gems/railties-5.0.1/lib/rails/templates/rails/welcome/index.html.erb
  Rendered C:/RailsInstaller/Ruby2.3.0/lib/ruby/gems/2.3.0/gems/railties-5.0.1/lib/rails/templates/rails/welcome/index.html.erb (37.4ms)
Completed 200 OK in 396ms (Views: 180.5ms | ActiveRecord: 0.0ms)


Started GET "/hello" for 127.0.0.1 at 2017-02-13 15:43:27 -0600
  
SyntaxError (C:/ruby/local/rails/routes_1/app/controllers/talk_controller.rb:5: unterminated string meets end of file
C:/ruby/local/rails/routes_1/app/controllers/talk_controller.rb:5: syntax error, unexpected end-of-input, expecting keyword_end):
  
app/controllers/talk_controller.rb:5: unterminated string meets end of file
app/controllers/talk_controller.rb:5: syntax error, unexpected end-of-input, expecting keyword_end
  Rendering C:/RailsInstaller/Ruby2.3.0/lib/ruby/gems/2.3.0/gems/actionpack-5.0.1/lib/action_dispatch/middleware/templates/rescues/diagnostics.html.erb within rescues/layout
  Rendering C:/RailsInstaller/Ruby2.3.0/lib/ruby/gems/2.3.0/gems/actionpack-5.0.1/lib/action_dispatch/middleware/templates/rescues/_source.html.erb
  Rendered C:/RailsInstaller/Ruby2.3.0/lib/ruby/gems/2.3.0/gems/actionpack-5.0.1/lib/action_dispatch/middleware/templates/rescues/_source.html.erb (3.6ms)
  Rendering C:/RailsInstaller/Ruby2.3.0/lib/ruby/gems/2.3.0/gems/actionpack-5.0.1/lib/action_dispatch/middleware/templates/rescues/_trace.html.erb
  Rendered C:/RailsInstaller/Ruby2.3.0/lib/ruby/gems/2.3.0/gems/actionpack-5.0.1/lib/action_dispatch/middleware/templates/rescues/_trace.html.erb (4.0ms)
  Rendering C:/RailsInstaller/Ruby2.3.0/lib/ruby/gems/2.3.0/gems/actionpack-5.0.1/lib/action_dispatch/middleware/templates/rescues/_request_and_response.html.erb
  Rendered C:/RailsInstaller/Ruby2.3.0/lib/ruby/gems/2.3.0/gems/actionpack-5.0.1/lib/action_dispatch/middleware/templates/rescues/_request_and_response.html.erb (1.0ms)
  Rendered C:/RailsInstaller/Ruby2.3.0/lib/ruby/gems/2.3.0/gems/actionpack-5.0.1/lib/action_dispatch/middleware/templates/rescues/diagnostics.html.erb within rescues/layout (1455.3ms)
Started GET "/hello" for 127.0.0.1 at 2017-02-13 15:45:16 -0600
Processing by TalkController#hello as HTML
Completed 500 Internal Server Error in 114ms (ActiveRecord: 0.0ms)


  
ActionView::MissingTemplate (Missing template talk/Hello CodingDojo!, application/Hello CodingDojo! with {:locale=>[:en], :formats=>[:html], :variants=>[], :handlers=>[:raw, :erb, :html, :builder, :ruby, :coffee, :jbuilder]}. Searched in:
  * "C:/ruby/local/rails/routes_1/app/views"
):
  
app/controllers/talk_controller.rb:5:in `hello'
  Rendering C:/RailsInstaller/Ruby2.3.0/lib/ruby/gems/2.3.0/gems/actionpack-5.0.1/lib/action_dispatch/middleware/templates/rescues/missing_template.html.erb within rescues/layout
  Rendering C:/RailsInstaller/Ruby2.3.0/lib/ruby/gems/2.3.0/gems/actionpack-5.0.1/lib/action_dispatch/middleware/templates/rescues/_source.html.erb
  Rendered C:/RailsInstaller/Ruby2.3.0/lib/ruby/gems/2.3.0/gems/actionpack-5.0.1/lib/action_dispatch/middleware/templates/rescues/_source.html.erb (1.5ms)
  Rendering C:/RailsInstaller/Ruby2.3.0/lib/ruby/gems/2.3.0/gems/actionpack-5.0.1/lib/action_dispatch/middleware/templates/rescues/_trace.html.erb
  Rendered C:/RailsInstaller/Ruby2.3.0/lib/ruby/gems/2.3.0/gems/actionpack-5.0.1/lib/action_dispatch/middleware/templates/rescues/_trace.html.erb (3.7ms)
  Rendering C:/RailsInstaller/Ruby2.3.0/lib/ruby/gems/2.3.0/gems/actionpack-5.0.1/lib/action_dispatch/middleware/templates/rescues/_request_and_response.html.erb
  Rendered C:/RailsInstaller/Ruby2.3.0/lib/ruby/gems/2.3.0/gems/actionpack-5.0.1/lib/action_dispatch/middleware/templates/rescues/_request_and_response.html.erb (1.5ms)
  Rendered C:/RailsInstaller/Ruby2.3.0/lib/ruby/gems/2.3.0/gems/actionpack-5.0.1/lib/action_dispatch/middleware/templates/rescues/missing_template.html.erb within rescues/layout (753.8ms)
Started GET "/hello" for 127.0.0.1 at 2017-02-13 15:46:48 -0600
Processing by TalkController#hello as HTML
DEPRECATION WARNING: `render :text` is deprecated because it does not actually render a `text/plain` response. Switch to `render plain: 'plain text'` to render as `text/plain`, `render html: '<strong>HTML</strong>'` to render as `text/html`, or `render body: 'raw'` to match the deprecated behavior and render with the default Content-Type, which is `text/html`. (called from hello at C:/ruby/local/rails/routes_1/app/controllers/talk_controller.rb:5)
  Rendering text template
  Rendered text template (0.5ms)
Completed 200 OK in 585ms (Views: 38.9ms | ActiveRecord: 0.0ms)


Started GET "/say/hello" for 127.0.0.1 at 2017-02-13 15:54:59 -0600
  
ActionController::RoutingError (No route matches [GET] "/say/hello"):
  
actionpack (5.0.1) lib/action_dispatch/middleware/debug_exceptions.rb:53:in `call'
web-console (3.4.0) lib/web_console/middleware.rb:135:in `call_app'
web-console (3.4.0) lib/web_console/middleware.rb:28:in `block in call'
web-console (3.4.0) lib/web_console/middleware.rb:18:in `catch'
web-console (3.4.0) lib/web_console/middleware.rb:18:in `call'
actionpack (5.0.1) lib/action_dispatch/middleware/show_exceptions.rb:31:in `call'
railties (5.0.1) lib/rails/rack/logger.rb:36:in `call_app'
railties (5.0.1) lib/rails/rack/logger.rb:24:in `block in call'
activesupport (5.0.1) lib/active_support/tagged_logging.rb:69:in `block in tagged'
activesupport (5.0.1) lib/active_support/tagged_logging.rb:26:in `tagged'
activesupport (5.0.1) lib/active_support/tagged_logging.rb:69:in `tagged'
railties (5.0.1) lib/rails/rack/logger.rb:24:in `call'
sprockets-rails (3.2.0) lib/sprockets/rails/quiet_assets.rb:13:in `call'
actionpack (5.0.1) lib/action_dispatch/middleware/request_id.rb:24:in `call'
rack (2.0.1) lib/rack/method_override.rb:22:in `call'
rack (2.0.1) lib/rack/runtime.rb:22:in `call'
activesupport (5.0.1) lib/active_support/cache/strategy/local_cache_middleware.rb:28:in `call'
actionpack (5.0.1) lib/action_dispatch/middleware/executor.rb:12:in `call'
actionpack (5.0.1) lib/action_dispatch/middleware/static.rb:136:in `call'
rack (2.0.1) lib/rack/sendfile.rb:111:in `call'
railties (5.0.1) lib/rails/engine.rb:522:in `call'
puma (3.7.0) lib/puma/configuration.rb:226:in `call'
puma (3.7.0) lib/puma/server.rb:578:in `handle_request'
puma (3.7.0) lib/puma/server.rb:415:in `process_client'
puma (3.7.0) lib/puma/server.rb:275:in `block in run'
puma (3.7.0) lib/puma/thread_pool.rb:120:in `block in spawn_thread'
  Rendering C:/RailsInstaller/Ruby2.3.0/lib/ruby/gems/2.3.0/gems/actionpack-5.0.1/lib/action_dispatch/middleware/templates/rescues/routing_error.html.erb within rescues/layout
  Rendering C:/RailsInstaller/Ruby2.3.0/lib/ruby/gems/2.3.0/gems/actionpack-5.0.1/lib/action_dispatch/middleware/templates/rescues/_trace.html.erb
  Rendered C:/RailsInstaller/Ruby2.3.0/lib/ruby/gems/2.3.0/gems/actionpack-5.0.1/lib/action_dispatch/middleware/templates/rescues/_trace.html.erb (4.5ms)
  Rendered collection of C:/RailsInstaller/Ruby2.3.0/lib/ruby/gems/2.3.0/gems/actionpack-5.0.1/lib/action_dispatch/middleware/templates/routes/_route.html.erb [9 times] (15.2ms)
  Rendered C:/RailsInstaller/Ruby2.3.0/lib/ruby/gems/2.3.0/gems/actionpack-5.0.1/lib/action_dispatch/middleware/templates/routes/_table.html.erb (49.5ms)
  Rendering C:/RailsInstaller/Ruby2.3.0/lib/ruby/gems/2.3.0/gems/actionpack-5.0.1/lib/action_dispatch/middleware/templates/rescues/_request_and_response.html.erb
  Rendered C:/RailsInstaller/Ruby2.3.0/lib/ruby/gems/2.3.0/gems/actionpack-5.0.1/lib/action_dispatch/middleware/templates/rescues/_request_and_response.html.erb (1.5ms)
  Rendered C:/RailsInstaller/Ruby2.3.0/lib/ruby/gems/2.3.0/gems/actionpack-5.0.1/lib/action_dispatch/middleware/templates/rescues/routing_error.html.erb within rescues/layout (1735.1ms)
Started GET "/say/hello" for 127.0.0.1 at 2017-02-13 15:57:26 -0600
Processing by TalkController#say as HTML
DEPRECATION WARNING: `render :text` is deprecated because it does not actually render a `text/plain` response. Switch to `render plain: 'plain text'` to render as `text/plain`, `render html: '<strong>HTML</strong>'` to render as `text/html`, or `render body: 'raw'` to match the deprecated behavior and render with the default Content-Type, which is `text/html`. (called from say at C:/ruby/local/rails/routes_1/app/controllers/talk_controller.rb:8)
  Rendering text template
  Rendered text template (0.0ms)
Completed 200 OK in 334ms (Views: 7.9ms | ActiveRecord: 0.0ms)


Started GET "/say/hello" for 127.0.0.1 at 2017-02-13 15:57:44 -0600
Processing by TalkController#say as HTML
  Rendering text template
  Rendered text template (0.0ms)
Completed 200 OK in 335ms (Views: 2.8ms | ActiveRecord: 0.0ms)


Started GET "/say/hello/michael" for 127.0.0.1 at 2017-02-13 16:08:31 -0600
  
ActionController::RoutingError (No route matches [GET] "/say/hello/michael"):
  
actionpack (5.0.1) lib/action_dispatch/middleware/debug_exceptions.rb:53:in `call'
web-console (3.4.0) lib/web_console/middleware.rb:135:in `call_app'
web-console (3.4.0) lib/web_console/middleware.rb:28:in `block in call'
web-console (3.4.0) lib/web_console/middleware.rb:18:in `catch'
web-console (3.4.0) lib/web_console/middleware.rb:18:in `call'
actionpack (5.0.1) lib/action_dispatch/middleware/show_exceptions.rb:31:in `call'
railties (5.0.1) lib/rails/rack/logger.rb:36:in `call_app'
railties (5.0.1) lib/rails/rack/logger.rb:24:in `block in call'
activesupport (5.0.1) lib/active_support/tagged_logging.rb:69:in `block in tagged'
activesupport (5.0.1) lib/active_support/tagged_logging.rb:26:in `tagged'
activesupport (5.0.1) lib/active_support/tagged_logging.rb:69:in `tagged'
railties (5.0.1) lib/rails/rack/logger.rb:24:in `call'
sprockets-rails (3.2.0) lib/sprockets/rails/quiet_assets.rb:13:in `call'
actionpack (5.0.1) lib/action_dispatch/middleware/request_id.rb:24:in `call'
rack (2.0.1) lib/rack/method_override.rb:22:in `call'
rack (2.0.1) lib/rack/runtime.rb:22:in `call'
activesupport (5.0.1) lib/active_support/cache/strategy/local_cache_middleware.rb:28:in `call'
actionpack (5.0.1) lib/action_dispatch/middleware/executor.rb:12:in `call'
actionpack (5.0.1) lib/action_dispatch/middleware/static.rb:136:in `call'
rack (2.0.1) lib/rack/sendfile.rb:111:in `call'
railties (5.0.1) lib/rails/engine.rb:522:in `call'
puma (3.7.0) lib/puma/configuration.rb:226:in `call'
puma (3.7.0) lib/puma/server.rb:578:in `handle_request'
puma (3.7.0) lib/puma/server.rb:415:in `process_client'
puma (3.7.0) lib/puma/server.rb:275:in `block in run'
puma (3.7.0) lib/puma/thread_pool.rb:120:in `block in spawn_thread'
  Rendering C:/RailsInstaller/Ruby2.3.0/lib/ruby/gems/2.3.0/gems/actionpack-5.0.1/lib/action_dispatch/middleware/templates/rescues/routing_error.html.erb within rescues/layout
  Rendering C:/RailsInstaller/Ruby2.3.0/lib/ruby/gems/2.3.0/gems/actionpack-5.0.1/lib/action_dispatch/middleware/templates/rescues/_trace.html.erb
  Rendered C:/RailsInstaller/Ruby2.3.0/lib/ruby/gems/2.3.0/gems/actionpack-5.0.1/lib/action_dispatch/middleware/templates/rescues/_trace.html.erb (4.0ms)
  Rendered collection of C:/RailsInstaller/Ruby2.3.0/lib/ruby/gems/2.3.0/gems/actionpack-5.0.1/lib/action_dispatch/middleware/templates/routes/_route.html.erb [10 times] (6.0ms)
  Rendered C:/RailsInstaller/Ruby2.3.0/lib/ruby/gems/2.3.0/gems/actionpack-5.0.1/lib/action_dispatch/middleware/templates/routes/_table.html.erb (1.5ms)
  Rendering C:/RailsInstaller/Ruby2.3.0/lib/ruby/gems/2.3.0/gems/actionpack-5.0.1/lib/action_dispatch/middleware/templates/rescues/_request_and_response.html.erb
  Rendered C:/RailsInstaller/Ruby2.3.0/lib/ruby/gems/2.3.0/gems/actionpack-5.0.1/lib/action_dispatch/middleware/templates/rescues/_request_and_response.html.erb (2.0ms)
  Rendered C:/RailsInstaller/Ruby2.3.0/lib/ruby/gems/2.3.0/gems/actionpack-5.0.1/lib/action_dispatch/middleware/templates/rescues/routing_error.html.erb within rescues/layout (1681.9ms)
Started GET "/say/hello/michael" for 127.0.0.1 at 2017-02-13 16:09:06 -0600
Processing by TalkController#sayHelloMichael as HTML
Redirected to http://localhost:3000say/hello/joe
Completed 302 Found in 337ms (ActiveRecord: 0.0ms)


Started GET "/say/hello/michael" for 127.0.0.1 at 2017-02-13 16:10:14 -0600
Processing by TalkController#sayHelloMichael as HTML
Redirected to http://localhost:3000say/hello/joe
Completed 302 Found in 329ms (ActiveRecord: 0.0ms)


Started GET "/say/hello/" for 127.0.0.1 at 2017-02-13 16:10:18 -0600
Processing by TalkController#sayhello as HTML
DEPRECATION WARNING: `render :text` is deprecated because it does not actually render a `text/plain` response. Switch to `render plain: 'plain text'` to render as `text/plain`, `render html: '<strong>HTML</strong>'` to render as `text/html`, or `render body: 'raw'` to match the deprecated behavior and render with the default Content-Type, which is `text/html`. (called from sayhello at C:/ruby/local/rails/routes_1/app/controllers/talk_controller.rb:6)
  Rendering text template
  Rendered text template (0.0ms)
Completed 200 OK in 331ms (Views: 4.7ms | ActiveRecord: 0.0ms)


Started GET "/say/hello/joe" for 127.0.0.1 at 2017-02-13 16:10:28 -0600
Processing by TalkController#sayHelloJoe as HTML
DEPRECATION WARNING: `render :text` is deprecated because it does not actually render a `text/plain` response. Switch to `render plain: 'plain text'` to render as `text/plain`, `render html: '<strong>HTML</strong>'` to render as `text/html`, or `render body: 'raw'` to match the deprecated behavior and render with the default Content-Type, which is `text/html`. (called from sayHelloJoe at C:/ruby/local/rails/routes_1/app/controllers/talk_controller.rb:9)
  Rendering text template
  Rendered text template (0.0ms)
Completed 200 OK in 331ms (Views: 8.1ms | ActiveRecord: 0.0ms)


Started GET "/say/hello/michael" for 127.0.0.1 at 2017-02-13 16:10:45 -0600
Processing by TalkController#sayHelloMichael as HTML
Redirected to http://localhost:3000say/hello/joe
Completed 302 Found in 329ms (ActiveRecord: 0.0ms)


Started GET "/say/hello/michael" for 127.0.0.1 at 2017-02-13 16:10:53 -0600
Processing by TalkController#sayHelloMichael as HTML
Redirected to http://localhost:3000say/hello/joe
Completed 302 Found in 329ms (ActiveRecord: 0.0ms)


Started GET "/" for 127.0.0.1 at 2017-02-13 16:12:12 -0600
  
ArgumentError (Missing :controller key on routes definition, please check your routes.):
  
config/routes.rb:11:in `block in <top (required)>'
config/routes.rb:1:in `<top (required)>'
  Rendering C:/RailsInstaller/Ruby2.3.0/lib/ruby/gems/2.3.0/gems/actionpack-5.0.1/lib/action_dispatch/middleware/templates/rescues/diagnostics.html.erb within rescues/layout
  Rendering C:/RailsInstaller/Ruby2.3.0/lib/ruby/gems/2.3.0/gems/actionpack-5.0.1/lib/action_dispatch/middleware/templates/rescues/_source.html.erb
  Rendered C:/RailsInstaller/Ruby2.3.0/lib/ruby/gems/2.3.0/gems/actionpack-5.0.1/lib/action_dispatch/middleware/templates/rescues/_source.html.erb (6.6ms)
  Rendering C:/RailsInstaller/Ruby2.3.0/lib/ruby/gems/2.3.0/gems/actionpack-5.0.1/lib/action_dispatch/middleware/templates/rescues/_trace.html.erb
  Rendered C:/RailsInstaller/Ruby2.3.0/lib/ruby/gems/2.3.0/gems/actionpack-5.0.1/lib/action_dispatch/middleware/templates/rescues/_trace.html.erb (3.0ms)
  Rendering C:/RailsInstaller/Ruby2.3.0/lib/ruby/gems/2.3.0/gems/actionpack-5.0.1/lib/action_dispatch/middleware/templates/rescues/_request_and_response.html.erb
  Rendered C:/RailsInstaller/Ruby2.3.0/lib/ruby/gems/2.3.0/gems/actionpack-5.0.1/lib/action_dispatch/middleware/templates/rescues/_request_and_response.html.erb (1.5ms)
  Rendered C:/RailsInstaller/Ruby2.3.0/lib/ruby/gems/2.3.0/gems/actionpack-5.0.1/lib/action_dispatch/middleware/templates/rescues/diagnostics.html.erb within rescues/layout (1356.4ms)
Started GET "/" for 127.0.0.1 at 2017-02-13 16:12:37 -0600
  
ArgumentError (Missing :controller key on routes definition, please check your routes.):
  
config/routes.rb:11:in `block in <top (required)>'
config/routes.rb:1:in `<top (required)>'
  Rendering C:/RailsInstaller/Ruby2.3.0/lib/ruby/gems/2.3.0/gems/actionpack-5.0.1/lib/action_dispatch/middleware/templates/rescues/diagnostics.html.erb within rescues/layout
  Rendering C:/RailsInstaller/Ruby2.3.0/lib/ruby/gems/2.3.0/gems/actionpack-5.0.1/lib/action_dispatch/middleware/templates/rescues/_source.html.erb
  Rendered C:/RailsInstaller/Ruby2.3.0/lib/ruby/gems/2.3.0/gems/actionpack-5.0.1/lib/action_dispatch/middleware/templates/rescues/_source.html.erb (5.5ms)
  Rendering C:/RailsInstaller/Ruby2.3.0/lib/ruby/gems/2.3.0/gems/actionpack-5.0.1/lib/action_dispatch/middleware/templates/rescues/_trace.html.erb
  Rendered C:/RailsInstaller/Ruby2.3.0/lib/ruby/gems/2.3.0/gems/actionpack-5.0.1/lib/action_dispatch/middleware/templates/rescues/_trace.html.erb (6.0ms)
  Rendering C:/RailsInstaller/Ruby2.3.0/lib/ruby/gems/2.3.0/gems/actionpack-5.0.1/lib/action_dispatch/middleware/templates/rescues/_request_and_response.html.erb
  Rendered C:/RailsInstaller/Ruby2.3.0/lib/ruby/gems/2.3.0/gems/actionpack-5.0.1/lib/action_dispatch/middleware/templates/rescues/_request_and_response.html.erb (1.0ms)
  Rendered C:/RailsInstaller/Ruby2.3.0/lib/ruby/gems/2.3.0/gems/actionpack-5.0.1/lib/action_dispatch/middleware/templates/rescues/diagnostics.html.erb within rescues/layout (1329.5ms)
Started GET "/" for 127.0.0.1 at 2017-02-13 16:13:22 -0600
  
ArgumentError (Missing :controller key on routes definition, please check your routes.):
  
config/routes.rb:11:in `block in <top (required)>'
config/routes.rb:1:in `<top (required)>'
  Rendering C:/RailsInstaller/Ruby2.3.0/lib/ruby/gems/2.3.0/gems/actionpack-5.0.1/lib/action_dispatch/middleware/templates/rescues/diagnostics.html.erb within rescues/layout
  Rendering C:/RailsInstaller/Ruby2.3.0/lib/ruby/gems/2.3.0/gems/actionpack-5.0.1/lib/action_dispatch/middleware/templates/rescues/_source.html.erb
  Rendered C:/RailsInstaller/Ruby2.3.0/lib/ruby/gems/2.3.0/gems/actionpack-5.0.1/lib/action_dispatch/middleware/templates/rescues/_source.html.erb (5.0ms)
  Rendering C:/RailsInstaller/Ruby2.3.0/lib/ruby/gems/2.3.0/gems/actionpack-5.0.1/lib/action_dispatch/middleware/templates/rescues/_trace.html.erb
  Rendered C:/RailsInstaller/Ruby2.3.0/lib/ruby/gems/2.3.0/gems/actionpack-5.0.1/lib/action_dispatch/middleware/templates/rescues/_trace.html.erb (3.5ms)
  Rendering C:/RailsInstaller/Ruby2.3.0/lib/ruby/gems/2.3.0/gems/actionpack-5.0.1/lib/action_dispatch/middleware/templates/rescues/_request_and_response.html.erb
  Rendered C:/RailsInstaller/Ruby2.3.0/lib/ruby/gems/2.3.0/gems/actionpack-5.0.1/lib/action_dispatch/middleware/templates/rescues/_request_and_response.html.erb (1.5ms)
  Rendered C:/RailsInstaller/Ruby2.3.0/lib/ruby/gems/2.3.0/gems/actionpack-5.0.1/lib/action_dispatch/middleware/templates/rescues/diagnostics.html.erb within rescues/layout (1361.2ms)
Started GET "/" for 127.0.0.1 at 2017-02-13 16:14:31 -0600
Processing by TalkController#index as HTML
DEPRECATION WARNING: `render :text` is deprecated because it does not actually render a `text/plain` response. Switch to `render plain: 'plain text'` to render as `text/plain`, `render html: '<strong>HTML</strong>'` to render as `text/html`, or `render body: 'raw'` to match the deprecated behavior and render with the default Content-Type, which is `text/html`. (called from index at C:/ruby/local/rails/routes_1/app/controllers/talk_controller.rb:3)
  Rendering text template
  Rendered text template (0.0ms)
Completed 200 OK in 355ms (Views: 4.0ms | ActiveRecord: 0.0ms)


Started GET "/times" for 127.0.0.1 at 2017-02-13 16:15:45 -0600
Processing by TalkController#times as HTML
Completed 500 Internal Server Error in 4ms (ActiveRecord: 0.0ms)


  
NoMethodError (undefined method `+' for nil:NilClass):
  
app/controllers/talk_controller.rb:18:in `times'
  Rendering C:/RailsInstaller/Ruby2.3.0/lib/ruby/gems/2.3.0/gems/actionpack-5.0.1/lib/action_dispatch/middleware/templates/rescues/diagnostics.html.erb within rescues/layout
  Rendering C:/RailsInstaller/Ruby2.3.0/lib/ruby/gems/2.3.0/gems/actionpack-5.0.1/lib/action_dispatch/middleware/templates/rescues/_source.html.erb
  Rendered C:/RailsInstaller/Ruby2.3.0/lib/ruby/gems/2.3.0/gems/actionpack-5.0.1/lib/action_dispatch/middleware/templates/rescues/_source.html.erb (6.0ms)
  Rendering C:/RailsInstaller/Ruby2.3.0/lib/ruby/gems/2.3.0/gems/actionpack-5.0.1/lib/action_dispatch/middleware/templates/rescues/_trace.html.erb
  Rendered C:/RailsInstaller/Ruby2.3.0/lib/ruby/gems/2.3.0/gems/actionpack-5.0.1/lib/action_dispatch/middleware/templates/rescues/_trace.html.erb (4.0ms)
  Rendering C:/RailsInstaller/Ruby2.3.0/lib/ruby/gems/2.3.0/gems/actionpack-5.0.1/lib/action_dispatch/middleware/templates/rescues/_request_and_response.html.erb
  Rendered C:/RailsInstaller/Ruby2.3.0/lib/ruby/gems/2.3.0/gems/actionpack-5.0.1/lib/action_dispatch/middleware/templates/rescues/_request_and_response.html.erb (1.5ms)
  Rendered C:/RailsInstaller/Ruby2.3.0/lib/ruby/gems/2.3.0/gems/actionpack-5.0.1/lib/action_dispatch/middleware/templates/rescues/diagnostics.html.erb within rescues/layout (1333.9ms)
Started GET "/times" for 127.0.0.1 at 2017-02-13 16:16:41 -0600
Processing by TalkController#times as HTML
Completed 500 Internal Server Error in 3ms (ActiveRecord: 0.0ms)


  
NoMethodError (undefined method `+' for nil:NilClass):
  
app/controllers/talk_controller.rb:20:in `times'
  Rendering C:/RailsInstaller/Ruby2.3.0/lib/ruby/gems/2.3.0/gems/actionpack-5.0.1/lib/action_dispatch/middleware/templates/rescues/diagnostics.html.erb within rescues/layout
  Rendering C:/RailsInstaller/Ruby2.3.0/lib/ruby/gems/2.3.0/gems/actionpack-5.0.1/lib/action_dispatch/middleware/templates/rescues/_source.html.erb
  Rendered C:/RailsInstaller/Ruby2.3.0/lib/ruby/gems/2.3.0/gems/actionpack-5.0.1/lib/action_dispatch/middleware/templates/rescues/_source.html.erb (8.1ms)
  Rendering C:/RailsInstaller/Ruby2.3.0/lib/ruby/gems/2.3.0/gems/actionpack-5.0.1/lib/action_dispatch/middleware/templates/rescues/_trace.html.erb
  Rendered C:/RailsInstaller/Ruby2.3.0/lib/ruby/gems/2.3.0/gems/actionpack-5.0.1/lib/action_dispatch/middleware/templates/rescues/_trace.html.erb (3.0ms)
  Rendering C:/RailsInstaller/Ruby2.3.0/lib/ruby/gems/2.3.0/gems/actionpack-5.0.1/lib/action_dispatch/middleware/templates/rescues/_request_and_response.html.erb
  Rendered C:/RailsInstaller/Ruby2.3.0/lib/ruby/gems/2.3.0/gems/actionpack-5.0.1/lib/action_dispatch/middleware/templates/rescues/_request_and_response.html.erb (1.0ms)
  Rendered C:/RailsInstaller/Ruby2.3.0/lib/ruby/gems/2.3.0/gems/actionpack-5.0.1/lib/action_dispatch/middleware/templates/rescues/diagnostics.html.erb within rescues/layout (1337.8ms)
Started GET "/times" for 127.0.0.1 at 2017-02-13 16:17:50 -0600
Processing by TalkController#times as HTML
  Rendering text template
  Rendered text template (0.5ms)
Completed 200 OK in 347ms (Views: 3.1ms | ActiveRecord: 0.0ms)


Started GET "/times" for 127.0.0.1 at 2017-02-13 16:18:03 -0600
Processing by TalkController#times as HTML
DEPRECATION WARNING: `render :text` is deprecated because it does not actually render a `text/plain` response. Switch to `render plain: 'plain text'` to render as `text/plain`, `render html: '<strong>HTML</strong>'` to render as `text/html`, or `render body: 'raw'` to match the deprecated behavior and render with the default Content-Type, which is `text/html`. (called from times at C:/ruby/local/rails/routes_1/app/controllers/talk_controller.rb:23)
  Rendering text template
  Rendered text template (0.0ms)
Completed 200 OK in 352ms (Views: 6.9ms | ActiveRecord: 0.0ms)


Started GET "/times" for 127.0.0.1 at 2017-02-13 16:18:08 -0600
Processing by TalkController#times as HTML
DEPRECATION WARNING: `render :text` is deprecated because it does not actually render a `text/plain` response. Switch to `render plain: 'plain text'` to render as `text/plain`, `render html: '<strong>HTML</strong>'` to render as `text/html`, or `render body: 'raw'` to match the deprecated behavior and render with the default Content-Type, which is `text/html`. (called from times at C:/ruby/local/rails/routes_1/app/controllers/talk_controller.rb:23)
  Rendering text template
  Rendered text template (0.0ms)
Completed 200 OK in 347ms (Views: 4.4ms | ActiveRecord: 0.0ms)


Started GET "/times" for 127.0.0.1 at 2017-02-13 16:18:11 -0600
Processing by TalkController#times as HTML
DEPRECATION WARNING: `render :text` is deprecated because it does not actually render a `text/plain` response. Switch to `render plain: 'plain text'` to render as `text/plain`, `render html: '<strong>HTML</strong>'` to render as `text/html`, or `render body: 'raw'` to match the deprecated behavior and render with the default Content-Type, which is `text/html`. (called from times at C:/ruby/local/rails/routes_1/app/controllers/talk_controller.rb:23)
  Rendering text template
  Rendered text template (0.0ms)
Completed 200 OK in 341ms (Views: 5.0ms | ActiveRecord: 0.0ms)


Started GET "/times" for 127.0.0.1 at 2017-02-13 16:18:14 -0600
Processing by TalkController#times as HTML
DEPRECATION WARNING: `render :text` is deprecated because it does not actually render a `text/plain` response. Switch to `render plain: 'plain text'` to render as `text/plain`, `render html: '<strong>HTML</strong>'` to render as `text/html`, or `render body: 'raw'` to match the deprecated behavior and render with the default Content-Type, which is `text/html`. (called from times at C:/ruby/local/rails/routes_1/app/controllers/talk_controller.rb:23)
  Rendering text template
  Rendered text template (0.0ms)
Completed 200 OK in 342ms (Views: 4.6ms | ActiveRecord: 0.0ms)


Started GET "/times" for 127.0.0.1 at 2017-02-13 16:19:58 -0600
  
SyntaxError (C:/ruby/local/rails/routes_1/app/controllers/talk_controller.rb:21: syntax error, unexpected tOP_ASGN
      session[:visit] = += 1
                          ^
C:/ruby/local/rails/routes_1/app/controllers/talk_controller.rb:24: syntax error, unexpected keyword_end):
  
app/controllers/talk_controller.rb:21: syntax error, unexpected tOP_ASGN
app/controllers/talk_controller.rb:24: syntax error, unexpected keyword_end
  Rendering C:/RailsInstaller/Ruby2.3.0/lib/ruby/gems/2.3.0/gems/actionpack-5.0.1/lib/action_dispatch/middleware/templates/rescues/diagnostics.html.erb within rescues/layout
  Rendering C:/RailsInstaller/Ruby2.3.0/lib/ruby/gems/2.3.0/gems/actionpack-5.0.1/lib/action_dispatch/middleware/templates/rescues/_source.html.erb
  Rendered C:/RailsInstaller/Ruby2.3.0/lib/ruby/gems/2.3.0/gems/actionpack-5.0.1/lib/action_dispatch/middleware/templates/rescues/_source.html.erb (5.0ms)
  Rendering C:/RailsInstaller/Ruby2.3.0/lib/ruby/gems/2.3.0/gems/actionpack-5.0.1/lib/action_dispatch/middleware/templates/rescues/_trace.html.erb
  Rendered C:/RailsInstaller/Ruby2.3.0/lib/ruby/gems/2.3.0/gems/actionpack-5.0.1/lib/action_dispatch/middleware/templates/rescues/_trace.html.erb (3.0ms)
  Rendering C:/RailsInstaller/Ruby2.3.0/lib/ruby/gems/2.3.0/gems/actionpack-5.0.1/lib/action_dispatch/middleware/templates/rescues/_request_and_response.html.erb
  Rendered C:/RailsInstaller/Ruby2.3.0/lib/ruby/gems/2.3.0/gems/actionpack-5.0.1/lib/action_dispatch/middleware/templates/rescues/_request_and_response.html.erb (1.5ms)
  Rendered C:/RailsInstaller/Ruby2.3.0/lib/ruby/gems/2.3.0/gems/actionpack-5.0.1/lib/action_dispatch/middleware/templates/rescues/diagnostics.html.erb within rescues/layout (1335.7ms)
Started GET "/times" for 127.0.0.1 at 2017-02-13 16:20:20 -0600
  
SyntaxError (C:/ruby/local/rails/routes_1/app/controllers/talk_controller.rb:24: syntax error, unexpected keyword_end):
  
app/controllers/talk_controller.rb:24: syntax error, unexpected keyword_end
  Rendering C:/RailsInstaller/Ruby2.3.0/lib/ruby/gems/2.3.0/gems/actionpack-5.0.1/lib/action_dispatch/middleware/templates/rescues/diagnostics.html.erb within rescues/layout
  Rendering C:/RailsInstaller/Ruby2.3.0/lib/ruby/gems/2.3.0/gems/actionpack-5.0.1/lib/action_dispatch/middleware/templates/rescues/_source.html.erb
  Rendered C:/RailsInstaller/Ruby2.3.0/lib/ruby/gems/2.3.0/gems/actionpack-5.0.1/lib/action_dispatch/middleware/templates/rescues/_source.html.erb (5.5ms)
  Rendering C:/RailsInstaller/Ruby2.3.0/lib/ruby/gems/2.3.0/gems/actionpack-5.0.1/lib/action_dispatch/middleware/templates/rescues/_trace.html.erb
  Rendered C:/RailsInstaller/Ruby2.3.0/lib/ruby/gems/2.3.0/gems/actionpack-5.0.1/lib/action_dispatch/middleware/templates/rescues/_trace.html.erb (2.5ms)
  Rendering C:/RailsInstaller/Ruby2.3.0/lib/ruby/gems/2.3.0/gems/actionpack-5.0.1/lib/action_dispatch/middleware/templates/rescues/_request_and_response.html.erb
  Rendered C:/RailsInstaller/Ruby2.3.0/lib/ruby/gems/2.3.0/gems/actionpack-5.0.1/lib/action_dispatch/middleware/templates/rescues/_request_and_response.html.erb (1.5ms)
  Rendered C:/RailsInstaller/Ruby2.3.0/lib/ruby/gems/2.3.0/gems/actionpack-5.0.1/lib/action_dispatch/middleware/templates/rescues/diagnostics.html.erb within rescues/layout (1326.0ms)
Started GET "/times" for 127.0.0.1 at 2017-02-13 16:20:43 -0600
Processing by TalkController#times as HTML
DEPRECATION WARNING: `render :text` is deprecated because it does not actually render a `text/plain` response. Switch to `render plain: 'plain text'` to render as `text/plain`, `render html: '<strong>HTML</strong>'` to render as `text/html`, or `render body: 'raw'` to match the deprecated behavior and render with the default Content-Type, which is `text/html`. (called from times at C:/ruby/local/rails/routes_1/app/controllers/talk_controller.rb:23)
  Rendering text template
  Rendered text template (0.0ms)
Completed 200 OK in 353ms (Views: 4.9ms | ActiveRecord: 0.0ms)


Started GET "/times" for 127.0.0.1 at 2017-02-13 16:21:01 -0600
Processing by TalkController#times as HTML
DEPRECATION WARNING: `render :text` is deprecated because it does not actually render a `text/plain` response. Switch to `render plain: 'plain text'` to render as `text/plain`, `render html: '<strong>HTML</strong>'` to render as `text/html`, or `render body: 'raw'` to match the deprecated behavior and render with the default Content-Type, which is `text/html`. (called from times at C:/ruby/local/rails/routes_1/app/controllers/talk_controller.rb:23)
  Rendering text template
  Rendered text template (0.0ms)
Completed 200 OK in 329ms (Views: 4.1ms | ActiveRecord: 0.0ms)


Started GET "/times" for 127.0.0.1 at 2017-02-13 16:21:03 -0600
Processing by TalkController#times as HTML
DEPRECATION WARNING: `render :text` is deprecated because it does not actually render a `text/plain` response. Switch to `render plain: 'plain text'` to render as `text/plain`, `render html: '<strong>HTML</strong>'` to render as `text/html`, or `render body: 'raw'` to match the deprecated behavior and render with the default Content-Type, which is `text/html`. (called from times at C:/ruby/local/rails/routes_1/app/controllers/talk_controller.rb:23)
  Rendering text template
  Rendered text template (0.0ms)
Completed 200 OK in 327ms (Views: 4.2ms | ActiveRecord: 0.0ms)


Started GET "/times" for 127.0.0.1 at 2017-02-13 16:23:26 -0600
Processing by TalkController#times as HTML
DEPRECATION WARNING: `render :text` is deprecated because it does not actually render a `text/plain` response. Switch to `render plain: 'plain text'` to render as `text/plain`, `render html: '<strong>HTML</strong>'` to render as `text/html`, or `render body: 'raw'` to match the deprecated behavior and render with the default Content-Type, which is `text/html`. (called from times at C:/ruby/local/rails/routes_1/app/controllers/talk_controller.rb:23)
  Rendering text template
  Rendered text template (0.0ms)
Completed 200 OK in 335ms (Views: 4.9ms | ActiveRecord: 0.0ms)


Started GET "/times" for 127.0.0.1 at 2017-02-13 16:23:30 -0600
Processing by TalkController#times as HTML
DEPRECATION WARNING: `render :text` is deprecated because it does not actually render a `text/plain` response. Switch to `render plain: 'plain text'` to render as `text/plain`, `render html: '<strong>HTML</strong>'` to render as `text/html`, or `render body: 'raw'` to match the deprecated behavior and render with the default Content-Type, which is `text/html`. (called from times at C:/ruby/local/rails/routes_1/app/controllers/talk_controller.rb:23)
  Rendering text template
  Rendered text template (0.0ms)
Completed 200 OK in 452ms (Views: 7.4ms | ActiveRecord: 0.0ms)


Started GET "/times/destroy" for 127.0.0.1 at 2017-02-13 16:23:40 -0600
  
ActionController::RoutingError (uninitialized constant TimesController):
  
activesupport (5.0.1) lib/active_support/inflector/methods.rb:268:in `const_get'
activesupport (5.0.1) lib/active_support/inflector/methods.rb:268:in `block in constantize'
activesupport (5.0.1) lib/active_support/inflector/methods.rb:266:in `each'
activesupport (5.0.1) lib/active_support/inflector/methods.rb:266:in `inject'
activesupport (5.0.1) lib/active_support/inflector/methods.rb:266:in `constantize'
actionpack (5.0.1) lib/action_dispatch/http/request.rb:81:in `controller_class'
actionpack (5.0.1) lib/action_dispatch/routing/route_set.rb:44:in `controller'
actionpack (5.0.1) lib/action_dispatch/routing/route_set.rb:30:in `serve'
actionpack (5.0.1) lib/action_dispatch/journey/router.rb:39:in `block in serve'
actionpack (5.0.1) lib/action_dispatch/journey/router.rb:26:in `each'
actionpack (5.0.1) lib/action_dispatch/journey/router.rb:26:in `serve'
actionpack (5.0.1) lib/action_dispatch/routing/route_set.rb:725:in `call'
rack (2.0.1) lib/rack/etag.rb:25:in `call'
rack (2.0.1) lib/rack/conditional_get.rb:25:in `call'
rack (2.0.1) lib/rack/head.rb:12:in `call'
rack (2.0.1) lib/rack/session/abstract/id.rb:222:in `context'
rack (2.0.1) lib/rack/session/abstract/id.rb:216:in `call'
actionpack (5.0.1) lib/action_dispatch/middleware/cookies.rb:613:in `call'
activerecord (5.0.1) lib/active_record/migration.rb:553:in `call'
actionpack (5.0.1) lib/action_dispatch/middleware/callbacks.rb:38:in `block in call'
activesupport (5.0.1) lib/active_support/callbacks.rb:97:in `__run_callbacks__'
activesupport (5.0.1) lib/active_support/callbacks.rb:750:in `_run_call_callbacks'
activesupport (5.0.1) lib/active_support/callbacks.rb:90:in `run_callbacks'
actionpack (5.0.1) lib/action_dispatch/middleware/callbacks.rb:36:in `call'
actionpack (5.0.1) lib/action_dispatch/middleware/executor.rb:12:in `call'
actionpack (5.0.1) lib/action_dispatch/middleware/remote_ip.rb:79:in `call'
actionpack (5.0.1) lib/action_dispatch/middleware/debug_exceptions.rb:49:in `call'
web-console (3.4.0) lib/web_console/middleware.rb:135:in `call_app'
web-console (3.4.0) lib/web_console/middleware.rb:28:in `block in call'
web-console (3.4.0) lib/web_console/middleware.rb:18:in `catch'
web-console (3.4.0) lib/web_console/middleware.rb:18:in `call'
actionpack (5.0.1) lib/action_dispatch/middleware/show_exceptions.rb:31:in `call'
railties (5.0.1) lib/rails/rack/logger.rb:36:in `call_app'
railties (5.0.1) lib/rails/rack/logger.rb:24:in `block in call'
activesupport (5.0.1) lib/active_support/tagged_logging.rb:69:in `block in tagged'
activesupport (5.0.1) lib/active_support/tagged_logging.rb:26:in `tagged'
activesupport (5.0.1) lib/active_support/tagged_logging.rb:69:in `tagged'
railties (5.0.1) lib/rails/rack/logger.rb:24:in `call'
sprockets-rails (3.2.0) lib/sprockets/rails/quiet_assets.rb:13:in `call'
actionpack (5.0.1) lib/action_dispatch/middleware/request_id.rb:24:in `call'
rack (2.0.1) lib/rack/method_override.rb:22:in `call'
rack (2.0.1) lib/rack/runtime.rb:22:in `call'
activesupport (5.0.1) lib/active_support/cache/strategy/local_cache_middleware.rb:28:in `call'
actionpack (5.0.1) lib/action_dispatch/middleware/executor.rb:12:in `call'
actionpack (5.0.1) lib/action_dispatch/middleware/static.rb:136:in `call'
rack (2.0.1) lib/rack/sendfile.rb:111:in `call'
railties (5.0.1) lib/rails/engine.rb:522:in `call'
puma (3.7.0) lib/puma/configuration.rb:226:in `call'
puma (3.7.0) lib/puma/server.rb:578:in `handle_request'
puma (3.7.0) lib/puma/server.rb:415:in `process_client'
puma (3.7.0) lib/puma/server.rb:275:in `block in run'
puma (3.7.0) lib/puma/thread_pool.rb:120:in `block in spawn_thread'
  Rendering C:/RailsInstaller/Ruby2.3.0/lib/ruby/gems/2.3.0/gems/actionpack-5.0.1/lib/action_dispatch/middleware/templates/rescues/routing_error.html.erb within rescues/layout
  Rendering C:/RailsInstaller/Ruby2.3.0/lib/ruby/gems/2.3.0/gems/actionpack-5.0.1/lib/action_dispatch/middleware/templates/rescues/_trace.html.erb
  Rendered C:/RailsInstaller/Ruby2.3.0/lib/ruby/gems/2.3.0/gems/actionpack-5.0.1/lib/action_dispatch/middleware/templates/rescues/_trace.html.erb (2.5ms)
  Rendered collection of C:/RailsInstaller/Ruby2.3.0/lib/ruby/gems/2.3.0/gems/actionpack-5.0.1/lib/action_dispatch/middleware/templates/routes/_route.html.erb [7 times] (3.0ms)
  Rendered C:/RailsInstaller/Ruby2.3.0/lib/ruby/gems/2.3.0/gems/actionpack-5.0.1/lib/action_dispatch/middleware/templates/routes/_table.html.erb (1.5ms)
  Rendering C:/RailsInstaller/Ruby2.3.0/lib/ruby/gems/2.3.0/gems/actionpack-5.0.1/lib/action_dispatch/middleware/templates/rescues/_request_and_response.html.erb
  Rendered C:/RailsInstaller/Ruby2.3.0/lib/ruby/gems/2.3.0/gems/actionpack-5.0.1/lib/action_dispatch/middleware/templates/rescues/_request_and_response.html.erb (4.0ms)
  Rendered C:/RailsInstaller/Ruby2.3.0/lib/ruby/gems/2.3.0/gems/actionpack-5.0.1/lib/action_dispatch/middleware/templates/rescues/routing_error.html.erb within rescues/layout (1701.1ms)
Started GET "/times/destroy" for 127.0.0.1 at 2017-02-13 16:24:41 -0600
Processing by TalkController#timesDestroy as HTML
DEPRECATION WARNING: `render :text` is deprecated because it does not actually render a `text/plain` response. Switch to `render plain: 'plain text'` to render as `text/plain`, `render html: '<strong>HTML</strong>'` to render as `text/html`, or `render body: 'raw'` to match the deprecated behavior and render with the default Content-Type, which is `text/html`. (called from timesDestroy at C:/ruby/local/rails/routes_1/app/controllers/talk_controller.rb:27)
  Rendering text template
  Rendered text template (0.0ms)
Completed 200 OK in 336ms (Views: 4.1ms | ActiveRecord: 0.0ms)


Started GET "/times" for 127.0.0.1 at 2017-02-13 16:24:47 -0600
Processing by TalkController#times as HTML
DEPRECATION WARNING: `render :text` is deprecated because it does not actually render a `text/plain` response. Switch to `render plain: 'plain text'` to render as `text/plain`, `render html: '<strong>HTML</strong>'` to render as `text/html`, or `render body: 'raw'` to match the deprecated behavior and render with the default Content-Type, which is `text/html`. (called from times at C:/ruby/local/rails/routes_1/app/controllers/talk_controller.rb:23)
  Rendering text template
  Rendered text template (0.0ms)
Completed 200 OK in 355ms (Views: 4.8ms | ActiveRecord: 0.0ms)


Started GET "/times" for 127.0.0.1 at 2017-02-13 16:24:50 -0600
Processing by TalkController#times as HTML
DEPRECATION WARNING: `render :text` is deprecated because it does not actually render a `text/plain` response. Switch to `render plain: 'plain text'` to render as `text/plain`, `render html: '<strong>HTML</strong>'` to render as `text/html`, or `render body: 'raw'` to match the deprecated behavior and render with the default Content-Type, which is `text/html`. (called from times at C:/ruby/local/rails/routes_1/app/controllers/talk_controller.rb:23)
  Rendering text template
  Rendered text template (0.0ms)
Completed 200 OK in 337ms (Views: 4.9ms | ActiveRecord: 0.0ms)


Started GET "/times/destroy" for 127.0.0.1 at 2017-02-13 16:24:57 -0600
Processing by TalkController#timesDestroy as HTML
DEPRECATION WARNING: `render :text` is deprecated because it does not actually render a `text/plain` response. Switch to `render plain: 'plain text'` to render as `text/plain`, `render html: '<strong>HTML</strong>'` to render as `text/html`, or `render body: 'raw'` to match the deprecated behavior and render with the default Content-Type, which is `text/html`. (called from timesDestroy at C:/ruby/local/rails/routes_1/app/controllers/talk_controller.rb:27)
  Rendering text template
  Rendered text template (0.0ms)
Completed 200 OK in 382ms (Views: 4.8ms | ActiveRecord: 0.0ms)


